Using pre-set license

 COMMAND LINE ARGUMENTS:
/Applications/Unity/Hub/Editor/2020.2.2f1/Unity.app/Contents/MacOS/Unity
-adb2
-batchMode
-noUpm
-name
AssetImportWorker1
-projectPath
/Users/arnaudjopart/Documents/GitHub/Unity Certification/AsteraX-UCP-C01-V07
-logFile
Logs/AssetImportWorker1.log
-srvPort
50173
Successfully changed project path to: /Users/arnaudjopart/Documents/GitHub/Unity Certification/AsteraX-UCP-C01-V07
/Users/arnaudjopart/Documents/GitHub/Unity Certification/AsteraX-UCP-C01-V07
Using Asset Import Pipeline V2.
Refreshing native plugins compatible for Editor in 40.48 ms, found 1 plugins.
Preloading 0 native plugins for Editor in 0.00 ms.
Initialize engine version: 2020.2.2f1 (068178b99f32)
[Subsystems] Discovering subsystems at path /Applications/Unity/Hub/Editor/2020.2.2f1/Unity.app/Contents/Resources/UnitySubsystems
[Subsystems] Discovering subsystems at path /Users/arnaudjopart/Documents/GitHub/Unity Certification/AsteraX-UCP-C01-V07/Assets
GfxDevice: creating device client; threaded=0
2021-01-25 22:10:06.944 Unity[15263:512623] Color LCD preferred device: AMD Radeon Pro 560X (high power)
2021-01-25 22:10:06.944 Unity[15263:512623] Metal devices available: 2
2021-01-25 22:10:06.944 Unity[15263:512623] 0: AMD Radeon Pro 560X (high power)
2021-01-25 22:10:06.944 Unity[15263:512623] 1: Intel(R) UHD Graphics 630 (low power)
2021-01-25 22:10:06.945 Unity[15263:512623] Using device AMD Radeon Pro 560X (high power)
Initializing Metal device caps: AMD Radeon Pro 560X
Initialize mono
Mono path[0] = '/Applications/Unity/Hub/Editor/2020.2.2f1/Unity.app/Contents/Managed'
Mono path[1] = '/Applications/Unity/Hub/Editor/2020.2.2f1/Unity.app/Contents/MonoBleedingEdge/lib/mono/unityjit'
Mono config path = '/Applications/Unity/Hub/Editor/2020.2.2f1/Unity.app/Contents/MonoBleedingEdge/etc'
Using monoOptions --debugger-agent=transport=dt_socket,embedding=1,server=y,suspend=n,address=127.0.0.1:56263
Begin MonoManager ReloadAssembly
Registering precompiled unity dll's ...
Register platform support module: /Applications/Unity/Hub/Editor/2020.2.2f1/Unity.app/Contents/PlaybackEngines/MacStandaloneSupport/UnityEditor.OSXStandalone.Extensions.dll
Registered in 0.000453 seconds.
Native extension for OSXStandalone target not found
Refreshing native plugins compatible for Editor in 28.28 ms, found 1 plugins.
Preloading 0 native plugins for Editor in 0.00 ms.
Invoked RoslynAnalysisRunner static constructor.
RoslynAnalysisRunner will not be running.
RoslynAnalysisRunner has terminated.
Mono: successfully reloaded assembly
- Completed reload, in  2.361 seconds
Platform modules already initialized, skipping
Registering precompiled user dll's ...
Registered in 0.000727 seconds.
Begin MonoManager ReloadAssembly
Native extension for OSXStandalone target not found
Refreshing native plugins compatible for Editor in 0.33 ms, found 1 plugins.
Preloading 0 native plugins for Editor in 0.00 ms.
Invoked RoslynAnalysisRunner static constructor.
RoslynAnalysisRunner will not be running.
RoslynAnalysisRunner has terminated.
Mono: successfully reloaded assembly
- Completed reload, in  0.968 seconds
Platform modules already initialized, skipping
========================================================================
Worker process is ready to serve import requests
Launching external process: /Applications/Unity/Hub/Editor/2020.2.2f1/Unity.app/Contents/Tools/UnityShaderCompiler
Launched and connected shader compiler UnityShaderCompiler after 0.01 seconds
Refreshing native plugins compatible for Editor in 0.36 ms, found 1 plugins.
Preloading 0 native plugins for Editor in 0.00 ms.
Unloading 1407 Unused Serialized files (Serialized files now loaded: 0)
System memory in use before: 118.1 MB.
System memory in use after: 118.2 MB.

Unloading 33 unused Assets to reduce memory usage. Loaded Objects now: 1837.
Total: 2.171770 ms (FindLiveObjects: 0.204506 ms CreateObjectMapping: 0.054527 ms MarkObjects: 1.837319 ms  DeleteObjects: 0.074087 ms)

========================================================================
Received Prepare
Registering precompiled user dll's ...
Registered in 0.000721 seconds.
Begin MonoManager ReloadAssembly
Native extension for OSXStandalone target not found
Refreshing native plugins compatible for Editor in 0.32 ms, found 1 plugins.
Preloading 0 native plugins for Editor in 0.00 ms.
Invoked RoslynAnalysisRunner static constructor.
RoslynAnalysisRunner will not be running.
RoslynAnalysisRunner has terminated.
Mono: successfully reloaded assembly
- Completed reload, in  0.876 seconds
Platform modules already initialized, skipping
Refreshing native plugins compatible for Editor in 0.42 ms, found 1 plugins.
Preloading 0 native plugins for Editor in 0.00 ms.
Unloading 1402 Unused Serialized files (Serialized files now loaded: 0)
System memory in use before: 118.3 MB.
System memory in use after: 118.4 MB.

Unloading 24 unused Assets to reduce memory usage. Loaded Objects now: 1840.
Total: 2.323676 ms (FindLiveObjects: 0.221085 ms CreateObjectMapping: 0.054101 ms MarkObjects: 2.018570 ms  DeleteObjects: 0.028264 ms)

========================================================================
Received Prepare
Registering precompiled user dll's ...
Registered in 0.000976 seconds.
Begin MonoManager ReloadAssembly
Native extension for OSXStandalone target not found
Refreshing native plugins compatible for Editor in 0.32 ms, found 1 plugins.
Preloading 0 native plugins for Editor in 0.00 ms.
Invoked RoslynAnalysisRunner static constructor.
RoslynAnalysisRunner will not be running.
RoslynAnalysisRunner has terminated.
Mono: successfully reloaded assembly
- Completed reload, in  0.828 seconds
Platform modules already initialized, skipping
Refreshing native plugins compatible for Editor in 0.36 ms, found 1 plugins.
Preloading 0 native plugins for Editor in 0.00 ms.
Unloading 1402 Unused Serialized files (Serialized files now loaded: 0)
System memory in use before: 118.7 MB.
System memory in use after: 118.8 MB.

Unloading 24 unused Assets to reduce memory usage. Loaded Objects now: 1842.
Total: 1.945195 ms (FindLiveObjects: 0.217083 ms CreateObjectMapping: 0.058686 ms MarkObjects: 1.651996 ms  DeleteObjects: 0.016304 ms)

========================================================================
Received Prepare
Registering precompiled user dll's ...
Registered in 0.000875 seconds.
Begin MonoManager ReloadAssembly
Native extension for OSXStandalone target not found
Refreshing native plugins compatible for Editor in 0.37 ms, found 1 plugins.
Preloading 0 native plugins for Editor in 0.00 ms.
Invoked RoslynAnalysisRunner static constructor.
RoslynAnalysisRunner will not be running.
RoslynAnalysisRunner has terminated.
Mono: successfully reloaded assembly
- Completed reload, in  0.831 seconds
Platform modules already initialized, skipping
Refreshing native plugins compatible for Editor in 0.36 ms, found 1 plugins.
Preloading 0 native plugins for Editor in 0.00 ms.
Unloading 1402 Unused Serialized files (Serialized files now loaded: 0)
System memory in use before: 119.1 MB.
System memory in use after: 119.2 MB.

Unloading 24 unused Assets to reduce memory usage. Loaded Objects now: 1844.
Total: 1.632974 ms (FindLiveObjects: 0.167725 ms CreateObjectMapping: 0.044162 ms MarkObjects: 1.405808 ms  DeleteObjects: 0.014297 ms)

========================================================================
Received Prepare
Registering precompiled user dll's ...
Registered in 0.003085 seconds.
Begin MonoManager ReloadAssembly
Native extension for OSXStandalone target not found
Refreshing native plugins compatible for Editor in 0.50 ms, found 1 plugins.
Preloading 0 native plugins for Editor in 0.00 ms.
Invoked RoslynAnalysisRunner static constructor.
RoslynAnalysisRunner will not be running.
RoslynAnalysisRunner has terminated.
Mono: successfully reloaded assembly
- Completed reload, in  0.904 seconds
Platform modules already initialized, skipping
Refreshing native plugins compatible for Editor in 0.42 ms, found 1 plugins.
Preloading 0 native plugins for Editor in 0.00 ms.
Unloading 1402 Unused Serialized files (Serialized files now loaded: 0)
System memory in use before: 119.5 MB.
System memory in use after: 119.6 MB.

Unloading 24 unused Assets to reduce memory usage. Loaded Objects now: 1846.
Total: 1.810212 ms (FindLiveObjects: 0.166916 ms CreateObjectMapping: 0.062736 ms MarkObjects: 1.560434 ms  DeleteObjects: 0.018740 ms)

========================================================================
Received Prepare
Registering precompiled user dll's ...
Registered in 0.000957 seconds.
Begin MonoManager ReloadAssembly
Native extension for OSXStandalone target not found
Refreshing native plugins compatible for Editor in 0.32 ms, found 1 plugins.
Preloading 0 native plugins for Editor in 0.00 ms.
Invoked RoslynAnalysisRunner static constructor.
RoslynAnalysisRunner will not be running.
RoslynAnalysisRunner has terminated.
Mono: successfully reloaded assembly
- Completed reload, in  0.840 seconds
Platform modules already initialized, skipping
Refreshing native plugins compatible for Editor in 0.38 ms, found 1 plugins.
Preloading 0 native plugins for Editor in 0.00 ms.
Unloading 1402 Unused Serialized files (Serialized files now loaded: 0)
System memory in use before: 119.8 MB.
System memory in use after: 120.0 MB.

Unloading 24 unused Assets to reduce memory usage. Loaded Objects now: 1848.
Total: 1.380885 ms (FindLiveObjects: 0.176748 ms CreateObjectMapping: 0.031062 ms MarkObjects: 1.159382 ms  DeleteObjects: 0.012825 ms)

========================================================================
Received Prepare
Registering precompiled user dll's ...
Registered in 0.000842 seconds.
Begin MonoManager ReloadAssembly
Native extension for OSXStandalone target not found
Refreshing native plugins compatible for Editor in 0.32 ms, found 1 plugins.
Preloading 0 native plugins for Editor in 0.00 ms.
Invoked RoslynAnalysisRunner static constructor.
RoslynAnalysisRunner will not be running.
RoslynAnalysisRunner has terminated.
Mono: successfully reloaded assembly
- Completed reload, in  0.834 seconds
Platform modules already initialized, skipping
Refreshing native plugins compatible for Editor in 0.27 ms, found 1 plugins.
Preloading 0 native plugins for Editor in 0.00 ms.
Unloading 1402 Unused Serialized files (Serialized files now loaded: 0)
System memory in use before: 120.2 MB.
System memory in use after: 120.3 MB.

Unloading 24 unused Assets to reduce memory usage. Loaded Objects now: 1850.
Total: 1.568645 ms (FindLiveObjects: 0.169799 ms CreateObjectMapping: 0.045050 ms MarkObjects: 1.335950 ms  DeleteObjects: 0.016669 ms)

========================================================================
Received Prepare
Registering precompiled user dll's ...
Registered in 0.000813 seconds.
Begin MonoManager ReloadAssembly
Native extension for OSXStandalone target not found
Refreshing native plugins compatible for Editor in 0.33 ms, found 1 plugins.
Preloading 0 native plugins for Editor in 0.00 ms.
Invoked RoslynAnalysisRunner static constructor.
RoslynAnalysisRunner will not be running.
RoslynAnalysisRunner has terminated.
Mono: successfully reloaded assembly
- Completed reload, in  0.848 seconds
Platform modules already initialized, skipping
Refreshing native plugins compatible for Editor in 0.35 ms, found 1 plugins.
Preloading 0 native plugins for Editor in 0.00 ms.
Unloading 1402 Unused Serialized files (Serialized files now loaded: 0)
System memory in use before: 120.6 MB.
System memory in use after: 120.7 MB.

Unloading 24 unused Assets to reduce memory usage. Loaded Objects now: 1852.
Total: 1.327686 ms (FindLiveObjects: 0.133632 ms CreateObjectMapping: 0.037651 ms MarkObjects: 1.142191 ms  DeleteObjects: 0.013475 ms)

========================================================================
Received Prepare
Registering precompiled user dll's ...
Registered in 0.000837 seconds.
Begin MonoManager ReloadAssembly
Native extension for OSXStandalone target not found
Refreshing native plugins compatible for Editor in 0.37 ms, found 1 plugins.
Preloading 0 native plugins for Editor in 0.00 ms.
Invoked RoslynAnalysisRunner static constructor.
RoslynAnalysisRunner will not be running.
RoslynAnalysisRunner has terminated.
Mono: successfully reloaded assembly
- Completed reload, in  0.865 seconds
Platform modules already initialized, skipping
Refreshing native plugins compatible for Editor in 0.39 ms, found 1 plugins.
Preloading 0 native plugins for Editor in 0.00 ms.
Unloading 1402 Unused Serialized files (Serialized files now loaded: 0)
System memory in use before: 121.0 MB.
System memory in use after: 121.1 MB.

Unloading 24 unused Assets to reduce memory usage. Loaded Objects now: 1854.
Total: 1.454849 ms (FindLiveObjects: 0.140916 ms CreateObjectMapping: 0.039623 ms MarkObjects: 1.258983 ms  DeleteObjects: 0.014438 ms)

========================================================================
Received Import Request.
  path: Assets/_Project/Scripts/Utils
  artifactKey: Guid(2e785290c43f3d94a83f98d828521984) Importer(815301076,1909f56bfc062723c751e8b465ee728b)
Start importing Assets/_Project/Scripts/Utils using Guid(2e785290c43f3d94a83f98d828521984) Importer(815301076,1909f56bfc062723c751e8b465ee728b)  -> (artifact id: '1f9348f998dd631040383dc193c00316') in 0.004093 seconds
  Import took 0.006658 seconds .

========================================================================
Received Import Request.
  Time since last request: 2.735890 seconds.
  path: Assets/_Project/Scripts/Utils/MailChimpSubscriber.cs
  artifactKey: Guid(567ab2ced8c5d3d44a591569f4724a7e) Importer(815301076,1909f56bfc062723c751e8b465ee728b)
Start importing Assets/_Project/Scripts/Utils/MailChimpSubscriber.cs using Guid(567ab2ced8c5d3d44a591569f4724a7e) Importer(815301076,1909f56bfc062723c751e8b465ee728b)  -> (artifact id: '0ee494a44c3880ebcd7615958e5fed82') in 0.365046 seconds
  Import took 0.367707 seconds .

========================================================================
Received Prepare
Registering precompiled user dll's ...
Registered in 0.000786 seconds.
Begin MonoManager ReloadAssembly
Native extension for OSXStandalone target not found
Refreshing native plugins compatible for Editor in 0.33 ms, found 1 plugins.
Preloading 0 native plugins for Editor in 0.00 ms.
Invoked RoslynAnalysisRunner static constructor.
RoslynAnalysisRunner will not be running.
RoslynAnalysisRunner has terminated.
Mono: successfully reloaded assembly
- Completed reload, in  0.847 seconds
Platform modules already initialized, skipping
Refreshing native plugins compatible for Editor in 0.37 ms, found 1 plugins.
Preloading 0 native plugins for Editor in 0.00 ms.
Unloading 1401 Unused Serialized files (Serialized files now loaded: 0)
System memory in use before: 125.7 MB.
System memory in use after: 125.8 MB.

Unloading 24 unused Assets to reduce memory usage. Loaded Objects now: 1856.
Total: 1.525225 ms (FindLiveObjects: 0.151471 ms CreateObjectMapping: 0.043248 ms MarkObjects: 1.311247 ms  DeleteObjects: 0.017921 ms)

========================================================================
Received Import Request.
  Time since last request: 5.396103 seconds.
  path: Assets/_Project/Scripts/Utils/SphericalCoordonatesSystem.cs
  artifactKey: Guid(2180143293cecb140928de8b0cd96789) Importer(815301076,1909f56bfc062723c751e8b465ee728b)
Start importing Assets/_Project/Scripts/Utils/SphericalCoordonatesSystem.cs using Guid(2180143293cecb140928de8b0cd96789) Importer(815301076,1909f56bfc062723c751e8b465ee728b)  -> (artifact id: '36c3d7fba49cfdf20186cc63989b12c0') in 0.005717 seconds
  Import took 0.008585 seconds .

========================================================================
Received Import Request.
  Time since last request: 0.238203 seconds.
  path: Assets/_Project/Scripts/Utils/JsonHelper.cs
  artifactKey: Guid(3af1bce60a43212459ffff1d1ca09928) Importer(815301076,1909f56bfc062723c751e8b465ee728b)
Start importing Assets/_Project/Scripts/Utils/JsonHelper.cs using Guid(3af1bce60a43212459ffff1d1ca09928) Importer(815301076,1909f56bfc062723c751e8b465ee728b)  -> (artifact id: '33aa6c6cccd604de52ea2bdfbc78d52b') in 0.001643 seconds
  Import took 0.004434 seconds .

========================================================================
Received Prepare
Registering precompiled user dll's ...
Registered in 0.000837 seconds.
Begin MonoManager ReloadAssembly
Native extension for OSXStandalone target not found
Refreshing native plugins compatible for Editor in 0.46 ms, found 1 plugins.
Preloading 0 native plugins for Editor in 0.00 ms.
Invoked RoslynAnalysisRunner static constructor.
RoslynAnalysisRunner will not be running.
RoslynAnalysisRunner has terminated.
Mono: successfully reloaded assembly
- Completed reload, in  0.847 seconds
Platform modules already initialized, skipping
Refreshing native plugins compatible for Editor in 0.35 ms, found 1 plugins.
Preloading 0 native plugins for Editor in 0.00 ms.
Unloading 1400 Unused Serialized files (Serialized files now loaded: 0)
System memory in use before: 125.9 MB.
System memory in use after: 126.0 MB.

Unloading 24 unused Assets to reduce memory usage. Loaded Objects now: 1858.
Total: 1.511890 ms (FindLiveObjects: 0.144441 ms CreateObjectMapping: 0.045574 ms MarkObjects: 1.305883 ms  DeleteObjects: 0.015130 ms)

========================================================================
Received Import Request.
  Time since last request: 6.163584 seconds.
  path: Assets/_Project/Scripts/Utils/Events
  artifactKey: Guid(ead06b14eea28ee438c2d3101e6b4f73) Importer(815301076,1909f56bfc062723c751e8b465ee728b)
Start importing Assets/_Project/Scripts/Utils/Events using Guid(ead06b14eea28ee438c2d3101e6b4f73) Importer(815301076,1909f56bfc062723c751e8b465ee728b)  -> (artifact id: '696fa2f97ba53f7340b6b634413a1b56') in 0.003047 seconds
  Import took 0.005290 seconds .

========================================================================
Received Import Request.
  Time since last request: 0.010613 seconds.
  path: Assets/_Project/Scripts/Utils/Events
  artifactKey: Guid(ead06b14eea28ee438c2d3101e6b4f73) Importer(815301076,1909f56bfc062723c751e8b465ee728b)
Start importing Assets/_Project/Scripts/Utils/Events using Guid(ead06b14eea28ee438c2d3101e6b4f73) Importer(815301076,1909f56bfc062723c751e8b465ee728b)  -> (artifact id: '696fa2f97ba53f7340b6b634413a1b56') in 0.000736 seconds
  Import took 0.002847 seconds .

========================================================================
Received Prepare
Registering precompiled user dll's ...
Registered in 0.000910 seconds.
Begin MonoManager ReloadAssembly
Native extension for OSXStandalone target not found
Refreshing native plugins compatible for Editor in 0.32 ms, found 1 plugins.
Preloading 0 native plugins for Editor in 0.00 ms.
Invoked RoslynAnalysisRunner static constructor.
RoslynAnalysisRunner will not be running.
RoslynAnalysisRunner has terminated.
Mono: successfully reloaded assembly
- Completed reload, in  0.847 seconds
Platform modules already initialized, skipping
Refreshing native plugins compatible for Editor in 0.38 ms, found 1 plugins.
Preloading 0 native plugins for Editor in 0.00 ms.
Unloading 1400 Unused Serialized files (Serialized files now loaded: 0)
System memory in use before: 125.5 MB.
System memory in use after: 125.6 MB.

Unloading 24 unused Assets to reduce memory usage. Loaded Objects now: 1860.
Total: 1.644314 ms (FindLiveObjects: 0.171937 ms CreateObjectMapping: 0.044936 ms MarkObjects: 1.409625 ms  DeleteObjects: 0.016676 ms)

========================================================================
Received Prepare
Registering precompiled user dll's ...
Registered in 0.000896 seconds.
Begin MonoManager ReloadAssembly
Native extension for OSXStandalone target not found
Refreshing native plugins compatible for Editor in 0.36 ms, found 1 plugins.
Preloading 0 native plugins for Editor in 0.00 ms.
Invoked RoslynAnalysisRunner static constructor.
RoslynAnalysisRunner will not be running.
RoslynAnalysisRunner has terminated.
Mono: successfully reloaded assembly
- Completed reload, in  0.867 seconds
Platform modules already initialized, skipping
Refreshing native plugins compatible for Editor in 0.33 ms, found 1 plugins.
Preloading 0 native plugins for Editor in 0.00 ms.
Unloading 1400 Unused Serialized files (Serialized files now loaded: 0)
System memory in use before: 125.8 MB.
System memory in use after: 126.0 MB.

Unloading 24 unused Assets to reduce memory usage. Loaded Objects now: 1862.
Total: 1.523577 ms (FindLiveObjects: 0.146568 ms CreateObjectMapping: 0.038010 ms MarkObjects: 1.323883 ms  DeleteObjects: 0.014387 ms)

========================================================================
Received Prepare
Registering precompiled user dll's ...
Registered in 0.000847 seconds.
Begin MonoManager ReloadAssembly
Native extension for OSXStandalone target not found
Refreshing native plugins compatible for Editor in 0.32 ms, found 1 plugins.
Preloading 0 native plugins for Editor in 0.00 ms.
Invoked RoslynAnalysisRunner static constructor.
RoslynAnalysisRunner will not be running.
RoslynAnalysisRunner has terminated.
Mono: successfully reloaded assembly
- Completed reload, in  0.864 seconds
Platform modules already initialized, skipping
Refreshing native plugins compatible for Editor in 0.35 ms, found 1 plugins.
Preloading 0 native plugins for Editor in 0.00 ms.
Unloading 1400 Unused Serialized files (Serialized files now loaded: 0)
System memory in use before: 126.2 MB.
System memory in use after: 126.3 MB.

Unloading 24 unused Assets to reduce memory usage. Loaded Objects now: 1864.
Total: 1.474864 ms (FindLiveObjects: 0.137078 ms CreateObjectMapping: 0.041262 ms MarkObjects: 1.281660 ms  DeleteObjects: 0.013873 ms)

========================================================================
Received Prepare
Registering precompiled user dll's ...
Registered in 0.000889 seconds.
Begin MonoManager ReloadAssembly
Native extension for OSXStandalone target not found
Refreshing native plugins compatible for Editor in 0.33 ms, found 1 plugins.
Preloading 0 native plugins for Editor in 0.00 ms.
Invoked RoslynAnalysisRunner static constructor.
RoslynAnalysisRunner will not be running.
RoslynAnalysisRunner has terminated.
Mono: successfully reloaded assembly
- Completed reload, in  0.870 seconds
Platform modules already initialized, skipping
Refreshing native plugins compatible for Editor in 0.36 ms, found 1 plugins.
Preloading 0 native plugins for Editor in 0.00 ms.
Unloading 1400 Unused Serialized files (Serialized files now loaded: 0)
System memory in use before: 126.6 MB.
System memory in use after: 126.7 MB.

Unloading 24 unused Assets to reduce memory usage. Loaded Objects now: 1866.
Total: 1.576512 ms (FindLiveObjects: 0.161770 ms CreateObjectMapping: 0.037887 ms MarkObjects: 1.359180 ms  DeleteObjects: 0.016450 ms)

========================================================================
Received Prepare
Registering precompiled user dll's ...
Registered in 0.000796 seconds.
Begin MonoManager ReloadAssembly
Native extension for OSXStandalone target not found
Refreshing native plugins compatible for Editor in 0.39 ms, found 1 plugins.
Preloading 0 native plugins for Editor in 0.00 ms.
Invoked RoslynAnalysisRunner static constructor.
RoslynAnalysisRunner will not be running.
RoslynAnalysisRunner has terminated.
Mono: successfully reloaded assembly
- Completed reload, in  0.894 seconds
Platform modules already initialized, skipping
Refreshing native plugins compatible for Editor in 0.27 ms, found 1 plugins.
Preloading 0 native plugins for Editor in 0.00 ms.
Unloading 1400 Unused Serialized files (Serialized files now loaded: 0)
System memory in use before: 126.8 MB.
System memory in use after: 126.9 MB.

Unloading 24 unused Assets to reduce memory usage. Loaded Objects now: 1868.
Total: 1.563240 ms (FindLiveObjects: 0.149013 ms CreateObjectMapping: 0.042173 ms MarkObjects: 1.349711 ms  DeleteObjects: 0.021377 ms)

========================================================================
Received Prepare
Registering precompiled user dll's ...
Registered in 0.000818 seconds.
Begin MonoManager ReloadAssembly
Native extension for OSXStandalone target not found
Refreshing native plugins compatible for Editor in 0.33 ms, found 1 plugins.
Preloading 0 native plugins for Editor in 0.00 ms.
Invoked RoslynAnalysisRunner static constructor.
RoslynAnalysisRunner will not be running.
RoslynAnalysisRunner has terminated.
Mono: successfully reloaded assembly
- Completed reload, in  0.835 seconds
Platform modules already initialized, skipping
Refreshing native plugins compatible for Editor in 0.31 ms, found 1 plugins.
Preloading 0 native plugins for Editor in 0.00 ms.
Unloading 1400 Unused Serialized files (Serialized files now loaded: 0)
System memory in use before: 126.4 MB.
System memory in use after: 126.5 MB.

Unloading 24 unused Assets to reduce memory usage. Loaded Objects now: 1870.
Total: 1.436383 ms (FindLiveObjects: 0.242178 ms CreateObjectMapping: 0.036165 ms MarkObjects: 1.143049 ms  DeleteObjects: 0.014284 ms)

========================================================================
Received Prepare
Registering precompiled user dll's ...
Registered in 0.000840 seconds.
Begin MonoManager ReloadAssembly
Native extension for OSXStandalone target not found
Refreshing native plugins compatible for Editor in 0.40 ms, found 1 plugins.
Preloading 0 native plugins for Editor in 0.00 ms.
Invoked RoslynAnalysisRunner static constructor.
RoslynAnalysisRunner will not be running.
RoslynAnalysisRunner has terminated.
Mono: successfully reloaded assembly
- Completed reload, in  0.909 seconds
Platform modules already initialized, skipping
Refreshing native plugins compatible for Editor in 0.27 ms, found 1 plugins.
Preloading 0 native plugins for Editor in 0.00 ms.
Unloading 1400 Unused Serialized files (Serialized files now loaded: 0)
System memory in use before: 126.8 MB.
System memory in use after: 126.9 MB.

Unloading 24 unused Assets to reduce memory usage. Loaded Objects now: 1872.
Total: 1.586743 ms (FindLiveObjects: 0.151558 ms CreateObjectMapping: 0.043315 ms MarkObjects: 1.371902 ms  DeleteObjects: 0.018592 ms)

========================================================================
Received Prepare
Registering precompiled user dll's ...
Registered in 0.000923 seconds.
Begin MonoManager ReloadAssembly
Native extension for OSXStandalone target not found
Refreshing native plugins compatible for Editor in 0.34 ms, found 1 plugins.
Preloading 0 native plugins for Editor in 0.00 ms.
Invoked RoslynAnalysisRunner static constructor.
RoslynAnalysisRunner will not be running.
RoslynAnalysisRunner has terminated.
Mono: successfully reloaded assembly
- Completed reload, in  0.864 seconds
Platform modules already initialized, skipping
Refreshing native plugins compatible for Editor in 0.31 ms, found 1 plugins.
Preloading 0 native plugins for Editor in 0.00 ms.
Unloading 1400 Unused Serialized files (Serialized files now loaded: 0)
System memory in use before: 127.1 MB.
System memory in use after: 127.2 MB.

Unloading 24 unused Assets to reduce memory usage. Loaded Objects now: 1874.
Total: 1.462897 ms (FindLiveObjects: 0.135671 ms CreateObjectMapping: 0.036058 ms MarkObjects: 1.276549 ms  DeleteObjects: 0.013734 ms)

========================================================================
Received Prepare
Registering precompiled user dll's ...
Registered in 0.000858 seconds.
Begin MonoManager ReloadAssembly
Native extension for OSXStandalone target not found
Refreshing native plugins compatible for Editor in 0.34 ms, found 1 plugins.
Preloading 0 native plugins for Editor in 0.00 ms.
Invoked RoslynAnalysisRunner static constructor.
RoslynAnalysisRunner will not be running.
RoslynAnalysisRunner has terminated.
Mono: successfully reloaded assembly
- Completed reload, in  0.895 seconds
Platform modules already initialized, skipping
Refreshing native plugins compatible for Editor in 0.34 ms, found 1 plugins.
Preloading 0 native plugins for Editor in 0.00 ms.
Unloading 1400 Unused Serialized files (Serialized files now loaded: 0)
System memory in use before: 127.5 MB.
System memory in use after: 127.6 MB.

Unloading 24 unused Assets to reduce memory usage. Loaded Objects now: 1876.
Total: 1.688249 ms (FindLiveObjects: 0.147590 ms CreateObjectMapping: 0.040143 ms MarkObjects: 1.483569 ms  DeleteObjects: 0.016105 ms)

========================================================================
Received Prepare
Registering precompiled user dll's ...
Registered in 0.000903 seconds.
Begin MonoManager ReloadAssembly
Native extension for OSXStandalone target not found
Refreshing native plugins compatible for Editor in 0.33 ms, found 1 plugins.
Preloading 0 native plugins for Editor in 0.00 ms.
Invoked RoslynAnalysisRunner static constructor.
RoslynAnalysisRunner will not be running.
RoslynAnalysisRunner has terminated.
Mono: successfully reloaded assembly
- Completed reload, in  0.839 seconds
Platform modules already initialized, skipping
Refreshing native plugins compatible for Editor in 0.35 ms, found 1 plugins.
Preloading 0 native plugins for Editor in 0.00 ms.
Unloading 1400 Unused Serialized files (Serialized files now loaded: 0)
System memory in use before: 127.7 MB.
System memory in use after: 127.8 MB.

Unloading 24 unused Assets to reduce memory usage. Loaded Objects now: 1878.
Total: 1.629395 ms (FindLiveObjects: 0.174607 ms CreateObjectMapping: 0.049332 ms MarkObjects: 1.388573 ms  DeleteObjects: 0.015654 ms)

========================================================================
Received Prepare
Registering precompiled user dll's ...
Registered in 0.000838 seconds.
Begin MonoManager ReloadAssembly
Native extension for OSXStandalone target not found
Refreshing native plugins compatible for Editor in 0.33 ms, found 1 plugins.
Preloading 0 native plugins for Editor in 0.00 ms.
Invoked RoslynAnalysisRunner static constructor.
RoslynAnalysisRunner will not be running.
RoslynAnalysisRunner has terminated.
Mono: successfully reloaded assembly
- Completed reload, in  0.848 seconds
Platform modules already initialized, skipping
Refreshing native plugins compatible for Editor in 0.48 ms, found 1 plugins.
Preloading 0 native plugins for Editor in 0.00 ms.
Unloading 1400 Unused Serialized files (Serialized files now loaded: 0)
System memory in use before: 127.3 MB.
System memory in use after: 127.4 MB.

Unloading 24 unused Assets to reduce memory usage. Loaded Objects now: 1880.
Total: 1.607336 ms (FindLiveObjects: 0.160139 ms CreateObjectMapping: 0.044220 ms MarkObjects: 1.386513 ms  DeleteObjects: 0.015520 ms)

========================================================================
Received Prepare
Registering precompiled user dll's ...
Registered in 0.000794 seconds.
Begin MonoManager ReloadAssembly
Native extension for OSXStandalone target not found
Refreshing native plugins compatible for Editor in 0.36 ms, found 1 plugins.
Preloading 0 native plugins for Editor in 0.00 ms.
Invoked RoslynAnalysisRunner static constructor.
RoslynAnalysisRunner will not be running.
RoslynAnalysisRunner has terminated.
Mono: successfully reloaded assembly
- Completed reload, in  0.835 seconds
Platform modules already initialized, skipping
Refreshing native plugins compatible for Editor in 0.32 ms, found 1 plugins.
Preloading 0 native plugins for Editor in 0.00 ms.
Unloading 1400 Unused Serialized files (Serialized files now loaded: 0)
System memory in use before: 127.7 MB.
System memory in use after: 127.8 MB.

Unloading 24 unused Assets to reduce memory usage. Loaded Objects now: 1882.
Total: 1.576092 ms (FindLiveObjects: 0.249516 ms CreateObjectMapping: 0.034761 ms MarkObjects: 1.278025 ms  DeleteObjects: 0.013133 ms)

========================================================================
Received Prepare
Registering precompiled user dll's ...
Registered in 0.000818 seconds.
Begin MonoManager ReloadAssembly
Native extension for OSXStandalone target not found
Refreshing native plugins compatible for Editor in 0.32 ms, found 1 plugins.
Preloading 0 native plugins for Editor in 0.00 ms.
Invoked RoslynAnalysisRunner static constructor.
RoslynAnalysisRunner will not be running.
RoslynAnalysisRunner has terminated.
Mono: successfully reloaded assembly
- Completed reload, in  0.865 seconds
Platform modules already initialized, skipping
Refreshing native plugins compatible for Editor in 0.45 ms, found 1 plugins.
Preloading 0 native plugins for Editor in 0.00 ms.
Unloading 1400 Unused Serialized files (Serialized files now loaded: 0)
System memory in use before: 128.1 MB.
System memory in use after: 128.2 MB.

Unloading 24 unused Assets to reduce memory usage. Loaded Objects now: 1884.
Total: 1.542240 ms (FindLiveObjects: 0.147717 ms CreateObjectMapping: 0.043948 ms MarkObjects: 1.334437 ms  DeleteObjects: 0.015250 ms)

========================================================================
Received Prepare
Registering precompiled user dll's ...
Registered in 0.000844 seconds.
Begin MonoManager ReloadAssembly
Native extension for OSXStandalone target not found
Refreshing native plugins compatible for Editor in 0.45 ms, found 1 plugins.
Preloading 0 native plugins for Editor in 0.00 ms.
Invoked RoslynAnalysisRunner static constructor.
RoslynAnalysisRunner will not be running.
RoslynAnalysisRunner has terminated.
Mono: successfully reloaded assembly
- Completed reload, in  0.900 seconds
Platform modules already initialized, skipping
Refreshing native plugins compatible for Editor in 0.36 ms, found 1 plugins.
Preloading 0 native plugins for Editor in 0.00 ms.
Unloading 1400 Unused Serialized files (Serialized files now loaded: 0)
System memory in use before: 128.5 MB.
System memory in use after: 128.6 MB.

Unloading 24 unused Assets to reduce memory usage. Loaded Objects now: 1886.
Total: 1.611843 ms (FindLiveObjects: 0.166324 ms CreateObjectMapping: 0.044912 ms MarkObjects: 1.381743 ms  DeleteObjects: 0.017536 ms)

========================================================================
Received Import Request.
  Time since last request: 1610.574447 seconds.
  path: Assets/__Scripts/InputManager.cs
  artifactKey: Guid(667cfba94a05643be9d123c52210dcd6) Importer(815301076,1909f56bfc062723c751e8b465ee728b)
Start importing Assets/__Scripts/InputManager.cs using Guid(667cfba94a05643be9d123c52210dcd6) Importer(815301076,1909f56bfc062723c751e8b465ee728b)  -> (artifact id: '7deb2d904176ab8dd3041fefe5ae0f3b') in 0.006933 seconds
  Import took 0.009463 seconds .

========================================================================
Received Import Request.
  Time since last request: 0.029640 seconds.
  path: Assets/__Scripts/InputManager.cs
  artifactKey: Guid(667cfba94a05643be9d123c52210dcd6) Importer(815301076,1909f56bfc062723c751e8b465ee728b)
Start importing Assets/__Scripts/InputManager.cs using Guid(667cfba94a05643be9d123c52210dcd6) Importer(815301076,1909f56bfc062723c751e8b465ee728b)  -> (artifact id: '7deb2d904176ab8dd3041fefe5ae0f3b') in 0.003234 seconds
  Import took 0.005388 seconds .

========================================================================
Received Import Request.
  Time since last request: 1.021880 seconds.
  path: Assets/__Scripts/PlayerShip.cs
  artifactKey: Guid(6a9e9114a27b5445ba015b26062b51f1) Importer(815301076,1909f56bfc062723c751e8b465ee728b)
Start importing Assets/__Scripts/PlayerShip.cs using Guid(6a9e9114a27b5445ba015b26062b51f1) Importer(815301076,1909f56bfc062723c751e8b465ee728b)  -> (artifact id: '0e35fb6ce60a301279433c2e1dcbe101') in 0.003700 seconds
  Import took 0.006493 seconds .

========================================================================
Received Import Request.
  Time since last request: 8.155650 seconds.
  path: Assets/WrapBorders.cs
  artifactKey: Guid(30aa1d24500ed4aaeb37d60f83f923ec) Importer(815301076,1909f56bfc062723c751e8b465ee728b)
Start importing Assets/WrapBorders.cs using Guid(30aa1d24500ed4aaeb37d60f83f923ec) Importer(815301076,1909f56bfc062723c751e8b465ee728b)  -> (artifact id: '8274c12f6a30711ba56248f6913ee08c') in 0.004451 seconds
  Import took 0.007205 seconds .

========================================================================
Received Import Request.
  Time since last request: 45.192673 seconds.
  path: ProjectSettings/TagManager.asset
  artifactKey: Guid(00000000000000003000000000000000) Importer(815301076,1909f56bfc062723c751e8b465ee728b)
Start importing ProjectSettings/TagManager.asset using Guid(00000000000000003000000000000000) Importer(815301076,1909f56bfc062723c751e8b465ee728b)  -> (artifact id: '13c0794d9078e0396bbc6d01c6838110') in 1.169634 seconds
  Import took 1.172256 seconds .

========================================================================
Received Import Request.
  Time since last request: 312.584677 seconds.
  path: Assets/_Project/Scripts/OffScreenWrapper.cs
  artifactKey: Guid(d8ed65b072140461fb2e75327738aef5) Importer(815301076,1909f56bfc062723c751e8b465ee728b)
Start importing Assets/_Project/Scripts/OffScreenWrapper.cs using Guid(d8ed65b072140461fb2e75327738aef5) Importer(815301076,1909f56bfc062723c751e8b465ee728b)  -> (artifact id: '6ed75856b7080678742434d40d19168f') in 0.003250 seconds
  Import took 0.005964 seconds .

========================================================================
Received Prepare
Registering precompiled user dll's ...
Registered in 0.000795 seconds.
Begin MonoManager ReloadAssembly
Native extension for OSXStandalone target not found
Refreshing native plugins compatible for Editor in 0.33 ms, found 1 plugins.
Preloading 0 native plugins for Editor in 0.00 ms.
Invoked RoslynAnalysisRunner static constructor.
RoslynAnalysisRunner will not be running.
RoslynAnalysisRunner has terminated.
Mono: successfully reloaded assembly
- Completed reload, in  0.863 seconds
Platform modules already initialized, skipping
Refreshing native plugins compatible for Editor in 0.37 ms, found 1 plugins.
Preloading 0 native plugins for Editor in 0.00 ms.
Unloading 1401 Unused Serialized files (Serialized files now loaded: 0)
System memory in use before: 133.0 MB.
System memory in use after: 133.1 MB.

Unloading 25 unused Assets to reduce memory usage. Loaded Objects now: 1889.
Total: 1.641178 ms (FindLiveObjects: 0.159149 ms CreateObjectMapping: 0.048614 ms MarkObjects: 1.416284 ms  DeleteObjects: 0.016245 ms)

========================================================================
Received Import Request.
  Time since last request: 1765.161094 seconds.
  path: Assets/_Project/Scripts/WrapBorders.cs
  artifactKey: Guid(30aa1d24500ed4aaeb37d60f83f923ec) Importer(815301076,1909f56bfc062723c751e8b465ee728b)
Start importing Assets/_Project/Scripts/WrapBorders.cs using Guid(30aa1d24500ed4aaeb37d60f83f923ec) Importer(815301076,1909f56bfc062723c751e8b465ee728b)  -> (artifact id: '5fba36d406dc42428669c4167ebb420c') in 0.005199 seconds
  Import took 0.010103 seconds .

========================================================================
Received Prepare
Registering precompiled user dll's ...
Registered in 0.000814 seconds.
Begin MonoManager ReloadAssembly
Native extension for OSXStandalone target not found
Refreshing native plugins compatible for Editor in 0.37 ms, found 1 plugins.
Preloading 0 native plugins for Editor in 0.00 ms.
Invoked RoslynAnalysisRunner static constructor.
RoslynAnalysisRunner will not be running.
RoslynAnalysisRunner has terminated.
Mono: successfully reloaded assembly
- Completed reload, in  0.880 seconds
Platform modules already initialized, skipping
Refreshing native plugins compatible for Editor in 0.36 ms, found 1 plugins.
Preloading 0 native plugins for Editor in 0.00 ms.
Unloading 1401 Unused Serialized files (Serialized files now loaded: 0)
System memory in use before: 132.5 MB.
System memory in use after: 132.6 MB.

Unloading 24 unused Assets to reduce memory usage. Loaded Objects now: 1891.
Total: 1.674699 ms (FindLiveObjects: 0.172491 ms CreateObjectMapping: 0.051352 ms MarkObjects: 1.427315 ms  DeleteObjects: 0.022067 ms)

========================================================================
Received Import Request.
  Time since last request: 170.750812 seconds.
  path: Assets/_Project/Scripts/WrapBorders.cs
  artifactKey: Guid(30aa1d24500ed4aaeb37d60f83f923ec) Importer(815301076,1909f56bfc062723c751e8b465ee728b)
Start importing Assets/_Project/Scripts/WrapBorders.cs using Guid(30aa1d24500ed4aaeb37d60f83f923ec) Importer(815301076,1909f56bfc062723c751e8b465ee728b)  -> (artifact id: '595949586e48afa7bbba19f9e096ad82') in 0.003723 seconds
  Import took 0.005845 seconds .

========================================================================
Received Prepare
Registering precompiled user dll's ...
Registered in 0.000929 seconds.
Begin MonoManager ReloadAssembly
Native extension for OSXStandalone target not found
Refreshing native plugins compatible for Editor in 0.32 ms, found 1 plugins.
Preloading 0 native plugins for Editor in 0.00 ms.
Invoked RoslynAnalysisRunner static constructor.
RoslynAnalysisRunner will not be running.
RoslynAnalysisRunner has terminated.
Mono: successfully reloaded assembly
- Completed reload, in  0.903 seconds
Platform modules already initialized, skipping
Refreshing native plugins compatible for Editor in 0.39 ms, found 1 plugins.
Preloading 0 native plugins for Editor in 0.00 ms.
Unloading 1401 Unused Serialized files (Serialized files now loaded: 0)
System memory in use before: 132.9 MB.
System memory in use after: 133.0 MB.

Unloading 24 unused Assets to reduce memory usage. Loaded Objects now: 1893.
Total: 1.640424 ms (FindLiveObjects: 0.210031 ms CreateObjectMapping: 0.044949 ms MarkObjects: 1.353337 ms  DeleteObjects: 0.030452 ms)

